--> Wrapper Started as Daemon
Launching a JVM...
Wrapper (Version 3.2.3) http://wrapper.tanukisoftware.org
  Copyright 1999-2006 Tanuki Software, Inc.  All Rights Reserved.

2017.12.06 12:12:28 INFO  app[][o.s.a.AppFileSystem] Cleaning or creating temp directory /home/gajanan/Downloads/sonarqube-6.7/temp
2017.12.06 12:12:29 INFO  app[][o.s.a.es.EsSettings] Elasticsearch listening on /127.0.0.1:9001
2017.12.06 12:12:29 INFO  app[][o.s.a.p.ProcessLauncherImpl] Launch process[[key='es', ipcIndex=1, logFilenamePrefix=es]] from [/home/gajanan/Downloads/sonarqube-6.7/elasticsearch]: /home/gajanan/Downloads/sonarqube-6.7/elasticsearch/bin/elasticsearch -Epath.conf=/home/gajanan/Downloads/sonarqube-6.7/temp/conf/es
2017.12.06 12:12:29 INFO  app[][o.s.a.SchedulerImpl] Waiting for Elasticsearch to be up and running
2017.12.06 12:12:29 INFO  app[][o.e.p.PluginsService] no modules loaded
2017.12.06 12:12:29 INFO  app[][o.e.p.PluginsService] loaded plugin [org.elasticsearch.transport.Netty4Plugin]
2017.12.06 12:12:37 INFO  app[][o.s.a.SchedulerImpl] Process[es] is up
2017.12.06 12:12:37 INFO  app[][o.s.a.p.ProcessLauncherImpl] Launch process[[key='web', ipcIndex=2, logFilenamePrefix=web]] from [/home/gajanan/Downloads/sonarqube-6.7]: /usr/lib/jvm/java-8-openjdk-amd64/jre/bin/java -Djava.awt.headless=true -Dfile.encoding=UTF-8 -Djava.io.tmpdir=/home/gajanan/Downloads/sonarqube-6.7/temp -Xmx512m -Xms128m -XX:+HeapDumpOnOutOfMemoryError -cp ./lib/common/*:./lib/server/*:/home/gajanan/Downloads/sonarqube-6.7/lib/jdbc/h2/h2-1.3.176.jar org.sonar.server.app.WebServer /home/gajanan/Downloads/sonarqube-6.7/temp/sq-process5850191444537970904properties
2017.12.06 12:14:09 INFO  app[][o.s.a.SchedulerImpl] Process[web] is up
2017.12.06 12:14:09 INFO  app[][o.s.a.p.ProcessLauncherImpl] Launch process[[key='ce', ipcIndex=3, logFilenamePrefix=ce]] from [/home/gajanan/Downloads/sonarqube-6.7]: /usr/lib/jvm/java-8-openjdk-amd64/jre/bin/java -Djava.awt.headless=true -Dfile.encoding=UTF-8 -Djava.io.tmpdir=/home/gajanan/Downloads/sonarqube-6.7/temp -Xmx512m -Xms128m -XX:+HeapDumpOnOutOfMemoryError -cp ./lib/common/*:./lib/server/*:./lib/ce/*:/home/gajanan/Downloads/sonarqube-6.7/lib/jdbc/h2/h2-1.3.176.jar org.sonar.ce.app.CeServer /home/gajanan/Downloads/sonarqube-6.7/temp/sq-process5776816222319240133properties
2017.12.06 12:14:17 INFO  app[][o.s.a.SchedulerImpl] Process[ce] is up
2017.12.06 12:14:17 INFO  app[][o.s.a.SchedulerImpl] SonarQube is up
TERM trapped.  Shutting down.
2017.12.06 12:14:29 INFO  app[][o.s.a.SchedulerImpl] Stopping SonarQube
2017.12.06 12:14:31 INFO  app[][o.s.a.SchedulerImpl] Process [ce] is stopped
2017.12.06 12:14:36 INFO  app[][o.s.a.SchedulerImpl] Process [web] is stopped
2017.12.06 12:14:40 INFO  app[][o.s.a.SchedulerImpl] Process [es] is stopped
2017.12.06 12:14:40 WARN  app[][o.s.a.p.AbstractProcessMonitor] Process exited with exit value [es]: 143
2017.12.06 12:14:40 INFO  app[][o.s.a.SchedulerImpl] SonarQube is stopped
<-- Wrapper Stopped
--> Wrapper Started as Daemon
Launching a JVM...
Wrapper (Version 3.2.3) http://wrapper.tanukisoftware.org
  Copyright 1999-2006 Tanuki Software, Inc.  All Rights Reserved.

2017.12.06 12:16:14 INFO  app[][o.s.a.AppFileSystem] Cleaning or creating temp directory /home/gajanan/Downloads/sonarqube-6.7/temp
2017.12.06 12:16:14 INFO  app[][o.s.a.es.EsSettings] Elasticsearch listening on /127.0.0.1:9001
2017.12.06 12:16:15 INFO  app[][o.s.a.p.ProcessLauncherImpl] Launch process[[key='es', ipcIndex=1, logFilenamePrefix=es]] from [/home/gajanan/Downloads/sonarqube-6.7/elasticsearch]: /home/gajanan/Downloads/sonarqube-6.7/elasticsearch/bin/elasticsearch -Epath.conf=/home/gajanan/Downloads/sonarqube-6.7/temp/conf/es
2017.12.06 12:16:15 INFO  app[][o.s.a.SchedulerImpl] Waiting for Elasticsearch to be up and running
2017.12.06 12:16:15 INFO  app[][o.e.p.PluginsService] no modules loaded
2017.12.06 12:16:15 INFO  app[][o.e.p.PluginsService] loaded plugin [org.elasticsearch.transport.Netty4Plugin]
2017.12.06 12:16:40 INFO  app[][o.s.a.SchedulerImpl] Process[es] is up
2017.12.06 12:16:40 INFO  app[][o.s.a.p.ProcessLauncherImpl] Launch process[[key='web', ipcIndex=2, logFilenamePrefix=web]] from [/home/gajanan/Downloads/sonarqube-6.7]: /usr/lib/jvm/java-8-openjdk-amd64/jre/bin/java -Djava.awt.headless=true -Dfile.encoding=UTF-8 -Djava.io.tmpdir=/home/gajanan/Downloads/sonarqube-6.7/temp -Xmx512m -Xms128m -XX:+HeapDumpOnOutOfMemoryError -cp ./lib/common/*:./lib/server/*:/home/gajanan/Downloads/sonarqube-6.7/lib/jdbc/h2/h2-1.3.176.jar org.sonar.server.app.WebServer /home/gajanan/Downloads/sonarqube-6.7/temp/sq-process614795657597234123properties
2017.12.06 12:17:02 INFO  app[][o.s.a.SchedulerImpl] Process[web] is up
2017.12.06 12:17:02 INFO  app[][o.s.a.p.ProcessLauncherImpl] Launch process[[key='ce', ipcIndex=3, logFilenamePrefix=ce]] from [/home/gajanan/Downloads/sonarqube-6.7]: /usr/lib/jvm/java-8-openjdk-amd64/jre/bin/java -Djava.awt.headless=true -Dfile.encoding=UTF-8 -Djava.io.tmpdir=/home/gajanan/Downloads/sonarqube-6.7/temp -Xmx512m -Xms128m -XX:+HeapDumpOnOutOfMemoryError -cp ./lib/common/*:./lib/server/*:./lib/ce/*:/home/gajanan/Downloads/sonarqube-6.7/lib/jdbc/h2/h2-1.3.176.jar org.sonar.ce.app.CeServer /home/gajanan/Downloads/sonarqube-6.7/temp/sq-process44721198220077064properties
2017.12.06 12:17:07 INFO  app[][o.s.a.SchedulerImpl] Process[ce] is up
2017.12.06 12:17:07 INFO  app[][o.s.a.SchedulerImpl] SonarQube is up
TERM trapped.  Shutting down.
2017.12.06 12:22:12 INFO  app[][o.s.a.SchedulerImpl] Stopping SonarQube
2017.12.06 12:22:16 INFO  app[][o.s.a.SchedulerImpl] Process [ce] is stopped
2017.12.06 12:22:21 INFO  app[][o.s.a.SchedulerImpl] Process [web] is stopped
2017.12.06 12:22:21 INFO  app[][o.s.a.SchedulerImpl] Process [es] is stopped
2017.12.06 12:22:21 WARN  app[][o.s.a.p.AbstractProcessMonitor] Process exited with exit value [es]: 143
2017.12.06 12:22:21 INFO  app[][o.s.a.SchedulerImpl] SonarQube is stopped
<-- Wrapper Stopped
--> Wrapper Started as Daemon
Launching a JVM...
Wrapper (Version 3.2.3) http://wrapper.tanukisoftware.org
  Copyright 1999-2006 Tanuki Software, Inc.  All Rights Reserved.

2017.12.06 12:26:16 INFO  app[][o.s.a.AppFileSystem] Cleaning or creating temp directory /home/gajanan/Downloads/sonarqube-6.7/temp
2017.12.06 12:26:16 INFO  app[][o.s.a.es.EsSettings] Elasticsearch listening on /127.0.0.1:9001
2017.12.06 12:26:16 INFO  app[][o.s.a.p.ProcessLauncherImpl] Launch process[[key='es', ipcIndex=1, logFilenamePrefix=es]] from [/home/gajanan/Downloads/sonarqube-6.7/elasticsearch]: /home/gajanan/Downloads/sonarqube-6.7/elasticsearch/bin/elasticsearch -Epath.conf=/home/gajanan/Downloads/sonarqube-6.7/temp/conf/es
2017.12.06 12:26:17 INFO  app[][o.s.a.SchedulerImpl] Waiting for Elasticsearch to be up and running
2017.12.06 12:26:17 INFO  app[][o.e.p.PluginsService] no modules loaded
2017.12.06 12:26:17 INFO  app[][o.e.p.PluginsService] loaded plugin [org.elasticsearch.transport.Netty4Plugin]
2017.12.06 12:26:44 INFO  app[][o.s.a.SchedulerImpl] Process[es] is up
2017.12.06 12:26:44 INFO  app[][o.s.a.p.ProcessLauncherImpl] Launch process[[key='web', ipcIndex=2, logFilenamePrefix=web]] from [/home/gajanan/Downloads/sonarqube-6.7]: /usr/lib/jvm/java-8-openjdk-amd64/jre/bin/java -Djava.awt.headless=true -Dfile.encoding=UTF-8 -Djava.io.tmpdir=/home/gajanan/Downloads/sonarqube-6.7/temp -Xmx512m -Xms128m -XX:+HeapDumpOnOutOfMemoryError -cp ./lib/common/*:./lib/server/*:/home/gajanan/Downloads/sonarqube-6.7/lib/jdbc/h2/h2-1.3.176.jar org.sonar.server.app.WebServer /home/gajanan/Downloads/sonarqube-6.7/temp/sq-process7251788545322498263properties
2017.12.06 12:27:08 INFO  app[][o.s.a.SchedulerImpl] Process[web] is up
2017.12.06 12:27:08 INFO  app[][o.s.a.p.ProcessLauncherImpl] Launch process[[key='ce', ipcIndex=3, logFilenamePrefix=ce]] from [/home/gajanan/Downloads/sonarqube-6.7]: /usr/lib/jvm/java-8-openjdk-amd64/jre/bin/java -Djava.awt.headless=true -Dfile.encoding=UTF-8 -Djava.io.tmpdir=/home/gajanan/Downloads/sonarqube-6.7/temp -Xmx512m -Xms128m -XX:+HeapDumpOnOutOfMemoryError -cp ./lib/common/*:./lib/server/*:./lib/ce/*:/home/gajanan/Downloads/sonarqube-6.7/lib/jdbc/h2/h2-1.3.176.jar org.sonar.ce.app.CeServer /home/gajanan/Downloads/sonarqube-6.7/temp/sq-process2869553929569457879properties
2017.12.06 12:27:14 INFO  app[][o.s.a.SchedulerImpl] Process[ce] is up
2017.12.06 12:27:14 INFO  app[][o.s.a.SchedulerImpl] SonarQube is up
TERM trapped.  Shutting down.
2017.12.06 12:30:15 INFO  app[][o.s.a.SchedulerImpl] Stopping SonarQube
2017.12.06 12:30:18 INFO  app[][o.s.a.SchedulerImpl] Process [ce] is stopped
2017.12.06 12:30:21 INFO  app[][o.s.a.SchedulerImpl] Process [web] is stopped
2017.12.06 12:30:22 INFO  app[][o.s.a.SchedulerImpl] Process [es] is stopped
2017.12.06 12:30:22 WARN  app[][o.s.a.p.AbstractProcessMonitor] Process exited with exit value [es]: 143
2017.12.06 12:30:22 INFO  app[][o.s.a.SchedulerImpl] SonarQube is stopped
<-- Wrapper Stopped
--> Wrapper Started as Console
Launching a JVM...
Wrapper (Version 3.2.3) http://wrapper.tanukisoftware.org
  Copyright 1999-2006 Tanuki Software, Inc.  All Rights Reserved.

2017.12.06 12:30:40 INFO  app[][o.s.a.AppFileSystem] Cleaning or creating temp directory /home/gajanan/Downloads/sonarqube-6.7/temp
2017.12.06 12:30:40 INFO  app[][o.s.a.es.EsSettings] Elasticsearch listening on /127.0.0.1:9001
2017.12.06 12:30:40 INFO  app[][o.s.a.p.ProcessLauncherImpl] Launch process[[key='es', ipcIndex=1, logFilenamePrefix=es]] from [/home/gajanan/Downloads/sonarqube-6.7/elasticsearch]: /home/gajanan/Downloads/sonarqube-6.7/elasticsearch/bin/elasticsearch -Epath.conf=/home/gajanan/Downloads/sonarqube-6.7/temp/conf/es
2017.12.06 12:30:41 INFO  app[][o.s.a.SchedulerImpl] Waiting for Elasticsearch to be up and running
2017.12.06 12:30:41 INFO  app[][o.e.p.PluginsService] no modules loaded
2017.12.06 12:30:41 INFO  app[][o.e.p.PluginsService] loaded plugin [org.elasticsearch.transport.Netty4Plugin]
2017.12.06 12:31:06 INFO  app[][o.s.a.SchedulerImpl] Process[es] is up
2017.12.06 12:31:06 INFO  app[][o.s.a.p.ProcessLauncherImpl] Launch process[[key='web', ipcIndex=2, logFilenamePrefix=web]] from [/home/gajanan/Downloads/sonarqube-6.7]: /usr/lib/jvm/java-8-openjdk-amd64/jre/bin/java -Djava.awt.headless=true -Dfile.encoding=UTF-8 -Djava.io.tmpdir=/home/gajanan/Downloads/sonarqube-6.7/temp -Xmx512m -Xms128m -XX:+HeapDumpOnOutOfMemoryError -cp ./lib/common/*:./lib/server/*:/home/gajanan/Downloads/sonarqube-6.7/lib/jdbc/h2/h2-1.3.176.jar org.sonar.server.app.WebServer /home/gajanan/Downloads/sonarqube-6.7/temp/sq-process7762211571731962787properties
2017.12.06 12:31:27 INFO  app[][o.s.a.SchedulerImpl] Process[web] is up
2017.12.06 12:31:27 INFO  app[][o.s.a.p.ProcessLauncherImpl] Launch process[[key='ce', ipcIndex=3, logFilenamePrefix=ce]] from [/home/gajanan/Downloads/sonarqube-6.7]: /usr/lib/jvm/java-8-openjdk-amd64/jre/bin/java -Djava.awt.headless=true -Dfile.encoding=UTF-8 -Djava.io.tmpdir=/home/gajanan/Downloads/sonarqube-6.7/temp -Xmx512m -Xms128m -XX:+HeapDumpOnOutOfMemoryError -cp ./lib/common/*:./lib/server/*:./lib/ce/*:/home/gajanan/Downloads/sonarqube-6.7/lib/jdbc/h2/h2-1.3.176.jar org.sonar.ce.app.CeServer /home/gajanan/Downloads/sonarqube-6.7/temp/sq-process5261416191595756601properties
2017.12.06 12:31:33 INFO  app[][o.s.a.SchedulerImpl] Process[ce] is up
2017.12.06 12:31:33 INFO  app[][o.s.a.SchedulerImpl] SonarQube is up
INT trapped.  Shutting down.
2017.12.06 13:01:50 WARN  app[][o.s.a.p.AbstractProcessMonitor] Process exited with exit value [es]: 130
2017.12.06 13:01:50 INFO  app[][o.s.a.SchedulerImpl] Process [es] is stopped
2017.12.06 13:01:51 WARN  app[][o.s.a.p.AbstractProcessMonitor] Process exited with exit value [ce]: 130
2017.12.06 13:01:51 INFO  app[][o.s.a.SchedulerImpl] Process [ce] is stopped
2017.12.06 13:01:51 WARN  app[][o.s.a.p.AbstractProcessMonitor] Process exited with exit value [ce]: 130
2017.12.06 13:01:52 WARN  app[][o.s.a.p.AbstractProcessMonitor] Process exited with exit value [web]: 130
2017.12.06 13:01:52 WARN  app[][o.s.a.p.AbstractProcessMonitor] Process exited with exit value [web]: 130
2017.12.06 13:01:52 INFO  app[][o.s.a.SchedulerImpl] Process [web] is stopped
2017.12.06 13:01:52 INFO  app[][o.s.a.SchedulerImpl] SonarQube is stopped
<-- Wrapper Stopped
--> Wrapper Started as Console
Launching a JVM...
Wrapper (Version 3.2.3) http://wrapper.tanukisoftware.org
  Copyright 1999-2006 Tanuki Software, Inc.  All Rights Reserved.

2017.12.06 13:09:36 INFO  app[][o.s.a.AppFileSystem] Cleaning or creating temp directory /home/gajanan/Downloads/sonarqube-6.7/temp
INT trapped.  Shutting down.
2017.12.06 13:09:37 INFO  app[][o.s.a.es.EsSettings] Elasticsearch listening on /127.0.0.1:9001
2017.12.06 13:09:37 INFO  app[][o.s.a.p.ProcessLauncherImpl] Launch process[[key='es', ipcIndex=1, logFilenamePrefix=es]] from [/home/gajanan/Downloads/sonarqube-6.7/elasticsearch]: /home/gajanan/Downloads/sonarqube-6.7/elasticsearch/bin/elasticsearch -Epath.conf=/home/gajanan/Downloads/sonarqube-6.7/temp/conf/es
2017.12.06 13:09:37 INFO  app[][o.s.a.SchedulerImpl] Waiting for Elasticsearch to be up and running
2017.12.06 13:09:38 INFO  app[][o.e.p.PluginsService] no modules loaded
2017.12.06 13:09:38 INFO  app[][o.e.p.PluginsService] loaded plugin [org.elasticsearch.transport.Netty4Plugin]
2017.12.06 13:09:38 INFO  app[][o.s.a.SchedulerImpl] Stopping SonarQube
INT trapped.  Forcing immediate shutdown.
JVM did not exit on request, terminated
JVM exited on its own while waiting to kill the application.
JVM exited in response to signal SIGKILL (9).
<-- Wrapper Stopped
--> Wrapper Started as Console
Launching a JVM...
Wrapper (Version 3.2.3) http://wrapper.tanukisoftware.org
  Copyright 1999-2006 Tanuki Software, Inc.  All Rights Reserved.

2017.12.06 13:16:36 INFO  app[][o.s.a.AppFileSystem] Cleaning or creating temp directory /home/gajanan/Downloads/sonarqube-6.7/temp
2017.12.06 13:16:36 INFO  app[][o.s.a.es.EsSettings] Elasticsearch listening on /127.0.0.1:9001
2017.12.06 13:16:36 INFO  app[][o.s.a.p.ProcessLauncherImpl] Launch process[[key='es', ipcIndex=1, logFilenamePrefix=es]] from [/home/gajanan/Downloads/sonarqube-6.7/elasticsearch]: /home/gajanan/Downloads/sonarqube-6.7/elasticsearch/bin/elasticsearch -Epath.conf=/home/gajanan/Downloads/sonarqube-6.7/temp/conf/es
2017.12.06 13:16:36 INFO  app[][o.s.a.SchedulerImpl] Waiting for Elasticsearch to be up and running
2017.12.06 13:16:36 INFO  app[][o.e.p.PluginsService] no modules loaded
2017.12.06 13:16:36 INFO  app[][o.e.p.PluginsService] loaded plugin [org.elasticsearch.transport.Netty4Plugin]
2017.12.06 13:17:08 INFO  app[][o.s.a.SchedulerImpl] Process[es] is up
2017.12.06 13:17:08 INFO  app[][o.s.a.p.ProcessLauncherImpl] Launch process[[key='web', ipcIndex=2, logFilenamePrefix=web]] from [/home/gajanan/Downloads/sonarqube-6.7]: /usr/lib/jvm/java-8-openjdk-amd64/jre/bin/java -Djava.awt.headless=true -Dfile.encoding=UTF-8 -Djava.io.tmpdir=/home/gajanan/Downloads/sonarqube-6.7/temp -Xmx512m -Xms128m -XX:+HeapDumpOnOutOfMemoryError -cp ./lib/common/*:./lib/server/*:/home/gajanan/Downloads/sonarqube-6.7/lib/jdbc/h2/h2-1.3.176.jar org.sonar.server.app.WebServer /home/gajanan/Downloads/sonarqube-6.7/temp/sq-process6688368822089067366properties
2017.12.06 13:17:38 INFO  app[][o.s.a.SchedulerImpl] Process[web] is up
2017.12.06 13:17:38 INFO  app[][o.s.a.p.ProcessLauncherImpl] Launch process[[key='ce', ipcIndex=3, logFilenamePrefix=ce]] from [/home/gajanan/Downloads/sonarqube-6.7]: /usr/lib/jvm/java-8-openjdk-amd64/jre/bin/java -Djava.awt.headless=true -Dfile.encoding=UTF-8 -Djava.io.tmpdir=/home/gajanan/Downloads/sonarqube-6.7/temp -Xmx512m -Xms128m -XX:+HeapDumpOnOutOfMemoryError -cp ./lib/common/*:./lib/server/*:./lib/ce/*:/home/gajanan/Downloads/sonarqube-6.7/lib/jdbc/h2/h2-1.3.176.jar org.sonar.ce.app.CeServer /home/gajanan/Downloads/sonarqube-6.7/temp/sq-process7303557402577271671properties
2017.12.06 13:17:49 INFO  app[][o.s.a.SchedulerImpl] Process[ce] is up
2017.12.06 13:17:49 INFO  app[][o.s.a.SchedulerImpl] SonarQube is up
INT trapped.  Shutting down.
2017.12.06 13:19:34 INFO  app[][o.s.a.SchedulerImpl] Stopping SonarQube
2017.12.06 13:19:34 WARN  app[][o.s.a.p.AbstractProcessMonitor] Process exited with exit value [es]: 130
2017.12.06 13:19:34 INFO  app[][o.s.a.SchedulerImpl] Process [es] is stopped
2017.12.06 13:19:36 INFO  app[][o.s.a.SchedulerImpl] Process [ce] is stopped
2017.12.06 13:19:36 WARN  app[][o.s.a.p.AbstractProcessMonitor] Process exited with exit value [ce]: 130
2017.12.06 13:19:37 INFO  app[][o.s.a.SchedulerImpl] Process [web] is stopped
2017.12.06 13:19:37 WARN  app[][o.s.a.p.AbstractProcessMonitor] Process exited with exit value [web]: 130
2017.12.06 13:19:37 INFO  app[][o.s.a.SchedulerImpl] SonarQube is stopped
<-- Wrapper Stopped
--> Wrapper Started as Console
Launching a JVM...
INT trapped.  Shutting down.
JVM exited unexpectedly while stopping the application.
<-- Wrapper Stopped
--> Wrapper Started as Console
Launching a JVM...
Wrapper (Version 3.2.3) http://wrapper.tanukisoftware.org
  Copyright 1999-2006 Tanuki Software, Inc.  All Rights Reserved.

2017.12.06 13:30:18 INFO  app[][o.s.a.AppFileSystem] Cleaning or creating temp directory /home/gajanan/Downloads/sonarqube-6.7/temp
2017.12.06 13:30:18 INFO  app[][o.s.a.es.EsSettings] Elasticsearch listening on /127.0.0.1:9001
2017.12.06 13:30:18 INFO  app[][o.s.a.p.ProcessLauncherImpl] Launch process[[key='es', ipcIndex=1, logFilenamePrefix=es]] from [/home/gajanan/Downloads/sonarqube-6.7/elasticsearch]: /home/gajanan/Downloads/sonarqube-6.7/elasticsearch/bin/elasticsearch -Epath.conf=/home/gajanan/Downloads/sonarqube-6.7/temp/conf/es
2017.12.06 13:30:19 INFO  app[][o.s.a.SchedulerImpl] Waiting for Elasticsearch to be up and running
2017.12.06 13:30:20 INFO  app[][o.e.p.PluginsService] no modules loaded
2017.12.06 13:30:20 INFO  app[][o.e.p.PluginsService] loaded plugin [org.elasticsearch.transport.Netty4Plugin]
2017.12.06 13:30:50 INFO  app[][o.s.a.SchedulerImpl] Process[es] is up
2017.12.06 13:30:50 INFO  app[][o.s.a.p.ProcessLauncherImpl] Launch process[[key='web', ipcIndex=2, logFilenamePrefix=web]] from [/home/gajanan/Downloads/sonarqube-6.7]: /usr/lib/jvm/java-8-openjdk-amd64/jre/bin/java -Djava.awt.headless=true -Dfile.encoding=UTF-8 -Djava.io.tmpdir=/home/gajanan/Downloads/sonarqube-6.7/temp -Xmx512m -Xms128m -XX:+HeapDumpOnOutOfMemoryError -cp ./lib/common/*:./lib/server/*:/home/gajanan/Downloads/sonarqube-6.7/lib/jdbc/h2/h2-1.3.176.jar org.sonar.server.app.WebServer /home/gajanan/Downloads/sonarqube-6.7/temp/sq-process6720881234090761753properties
2017.12.06 13:31:17 INFO  app[][o.s.a.SchedulerImpl] Process[web] is up
2017.12.06 13:31:17 INFO  app[][o.s.a.p.ProcessLauncherImpl] Launch process[[key='ce', ipcIndex=3, logFilenamePrefix=ce]] from [/home/gajanan/Downloads/sonarqube-6.7]: /usr/lib/jvm/java-8-openjdk-amd64/jre/bin/java -Djava.awt.headless=true -Dfile.encoding=UTF-8 -Djava.io.tmpdir=/home/gajanan/Downloads/sonarqube-6.7/temp -Xmx512m -Xms128m -XX:+HeapDumpOnOutOfMemoryError -cp ./lib/common/*:./lib/server/*:./lib/ce/*:/home/gajanan/Downloads/sonarqube-6.7/lib/jdbc/h2/h2-1.3.176.jar org.sonar.ce.app.CeServer /home/gajanan/Downloads/sonarqube-6.7/temp/sq-process7466231725742038656properties
2017.12.06 13:31:30 INFO  app[][o.s.a.SchedulerImpl] Process[ce] is up
2017.12.06 13:31:30 INFO  app[][o.s.a.SchedulerImpl] SonarQube is up
--> Wrapper Started as Console
Launching a JVM...
Wrapper (Version 3.2.3) http://wrapper.tanukisoftware.org
  Copyright 1999-2006 Tanuki Software, Inc.  All Rights Reserved.

2017.12.06 14:22:28 INFO  app[][o.s.a.AppFileSystem] Cleaning or creating temp directory /home/gajanan/Downloads/sonarqube-6.7/temp
2017.12.06 14:22:28 INFO  app[][o.s.a.es.EsSettings] Elasticsearch listening on /127.0.0.1:9001
2017.12.06 14:22:29 INFO  app[][o.s.a.p.ProcessLauncherImpl] Launch process[[key='es', ipcIndex=1, logFilenamePrefix=es]] from [/home/gajanan/Downloads/sonarqube-6.7/elasticsearch]: /home/gajanan/Downloads/sonarqube-6.7/elasticsearch/bin/elasticsearch -Epath.conf=/home/gajanan/Downloads/sonarqube-6.7/temp/conf/es
2017.12.06 14:22:29 INFO  app[][o.s.a.SchedulerImpl] Waiting for Elasticsearch to be up and running
2017.12.06 14:22:30 INFO  app[][o.e.p.PluginsService] no modules loaded
2017.12.06 14:22:30 INFO  app[][o.e.p.PluginsService] loaded plugin [org.elasticsearch.transport.Netty4Plugin]
2017.12.06 14:23:12 INFO  app[][o.s.a.SchedulerImpl] Process[es] is up
2017.12.06 14:23:12 INFO  app[][o.s.a.p.ProcessLauncherImpl] Launch process[[key='web', ipcIndex=2, logFilenamePrefix=web]] from [/home/gajanan/Downloads/sonarqube-6.7]: /usr/lib/jvm/java-8-openjdk-amd64/jre/bin/java -Djava.awt.headless=true -Dfile.encoding=UTF-8 -Djava.io.tmpdir=/home/gajanan/Downloads/sonarqube-6.7/temp -Xmx512m -Xms128m -XX:+HeapDumpOnOutOfMemoryError -cp ./lib/common/*:./lib/server/*:/home/gajanan/Downloads/sonarqube-6.7/lib/jdbc/h2/h2-1.3.176.jar org.sonar.server.app.WebServer /home/gajanan/Downloads/sonarqube-6.7/temp/sq-process471431665380312188properties
2017.12.06 14:24:43 INFO  app[][o.s.a.SchedulerImpl] Process[web] is up
2017.12.06 14:24:43 INFO  app[][o.s.a.p.ProcessLauncherImpl] Launch process[[key='ce', ipcIndex=3, logFilenamePrefix=ce]] from [/home/gajanan/Downloads/sonarqube-6.7]: /usr/lib/jvm/java-8-openjdk-amd64/jre/bin/java -Djava.awt.headless=true -Dfile.encoding=UTF-8 -Djava.io.tmpdir=/home/gajanan/Downloads/sonarqube-6.7/temp -Xmx512m -Xms128m -XX:+HeapDumpOnOutOfMemoryError -cp ./lib/common/*:./lib/server/*:./lib/ce/*:/home/gajanan/Downloads/sonarqube-6.7/lib/jdbc/h2/h2-1.3.176.jar org.sonar.ce.app.CeServer /home/gajanan/Downloads/sonarqube-6.7/temp/sq-process6992769768537247530properties
2017.12.06 14:25:06 INFO  app[][o.s.a.SchedulerImpl] Process[ce] is up
2017.12.06 14:25:06 INFO  app[][o.s.a.SchedulerImpl] SonarQube is up
--> Wrapper Started as Daemon
Launching a JVM...
Wrapper (Version 3.2.3) http://wrapper.tanukisoftware.org
  Copyright 1999-2006 Tanuki Software, Inc.  All Rights Reserved.

2017.12.06 16:49:52 INFO  app[][o.s.a.AppFileSystem] Cleaning or creating temp directory /home/gajanan/Downloads/sonarqube-6.7/temp
2017.12.06 16:49:52 INFO  app[][o.s.a.es.EsSettings] Elasticsearch listening on /127.0.0.1:9001
2017.12.06 16:49:53 INFO  app[][o.s.a.p.ProcessLauncherImpl] Launch process[[key='es', ipcIndex=1, logFilenamePrefix=es]] from [/home/gajanan/Downloads/sonarqube-6.7/elasticsearch]: /home/gajanan/Downloads/sonarqube-6.7/elasticsearch/bin/elasticsearch -Epath.conf=/home/gajanan/Downloads/sonarqube-6.7/temp/conf/es
2017.12.06 16:49:53 INFO  app[][o.s.a.SchedulerImpl] Waiting for Elasticsearch to be up and running
2017.12.06 16:49:54 INFO  app[][o.e.p.PluginsService] no modules loaded
2017.12.06 16:49:54 INFO  app[][o.e.p.PluginsService] loaded plugin [org.elasticsearch.transport.Netty4Plugin]
2017.12.06 16:50:28 INFO  app[][o.s.a.SchedulerImpl] Process[es] is up
2017.12.06 16:50:28 INFO  app[][o.s.a.p.ProcessLauncherImpl] Launch process[[key='web', ipcIndex=2, logFilenamePrefix=web]] from [/home/gajanan/Downloads/sonarqube-6.7]: /usr/lib/jvm/java-8-openjdk-amd64/jre/bin/java -Djava.awt.headless=true -Dfile.encoding=UTF-8 -Djava.io.tmpdir=/home/gajanan/Downloads/sonarqube-6.7/temp -Xmx512m -Xms128m -XX:+HeapDumpOnOutOfMemoryError -cp ./lib/common/*:./lib/server/*:/home/gajanan/Downloads/sonarqube-6.7/lib/jdbc/h2/h2-1.3.176.jar org.sonar.server.app.WebServer /home/gajanan/Downloads/sonarqube-6.7/temp/sq-process71656268689431197properties
2017.12.06 16:50:58 INFO  app[][o.s.a.SchedulerImpl] Process[web] is up
2017.12.06 16:50:58 INFO  app[][o.s.a.p.ProcessLauncherImpl] Launch process[[key='ce', ipcIndex=3, logFilenamePrefix=ce]] from [/home/gajanan/Downloads/sonarqube-6.7]: /usr/lib/jvm/java-8-openjdk-amd64/jre/bin/java -Djava.awt.headless=true -Dfile.encoding=UTF-8 -Djava.io.tmpdir=/home/gajanan/Downloads/sonarqube-6.7/temp -Xmx512m -Xms128m -XX:+HeapDumpOnOutOfMemoryError -cp ./lib/common/*:./lib/server/*:./lib/ce/*:/home/gajanan/Downloads/sonarqube-6.7/lib/jdbc/h2/h2-1.3.176.jar org.sonar.ce.app.CeServer /home/gajanan/Downloads/sonarqube-6.7/temp/sq-process3980991014778142888properties
2017.12.06 16:51:03 INFO  app[][o.s.a.SchedulerImpl] Process[ce] is up
2017.12.06 16:51:03 INFO  app[][o.s.a.SchedulerImpl] SonarQube is up
